04-16 11:44 INFO     ACE
04-16 11:44 INFO     ACED
04-16 11:44 INFO     ACES
04-16 11:44 INFO     ACT
04-16 11:44 INFO     ACTED
04-16 11:44 INFO     AT
04-16 11:44 INFO     ATE
04-16 11:44 INFO     CAT
04-16 11:44 INFO     CATCH
04-16 11:44 INFO     CS
04-16 11:44 INFO     EAT
04-16 11:44 INFO     ES
04-16 11:44 INFO     ETA
04-16 11:44 INFO     ETCH
04-16 11:44 INFO     GS
04-16 11:44 INFO     SCAT
04-16 11:44 INFO     SEA
04-16 11:44 INFO     SEAT
04-16 11:44 INFO     SECT
04-16 11:44 INFO     SET
04-16 11:44 INFO     SYNC
04-16 11:44 INFO     SYNCED
04-16 11:44 INFO     TEA
04-16 11:44 INFO     YE
04-16 11:44 INFO     YEA
04-16 11:44 INFO     YES
04-16 11:44 INFO     YET
04-16 11:44 INFO     Boggle(size=4, board=[['Z', 'T', 'C', 'H'], ['J', 'C', 'C', 'D'], ['N', 'S', 'E', 'T'], ['G', 'Y', 'C', 'A']])
